  [1m[35m (0.3ms)[0m  [1m[34mSELECT sqlite_version(*)[0m
  ↳ /Users/robmatthews/.rvm/rubies/ruby-2.5.1/lib/ruby/gems/2.5.0/gems/rake-12.3.1/lib/rake/task.rb:271
  [1m[35m (4.4ms)[0m  [1m[35mCREATE TABLE "schema_migrations" ("version" varchar NOT NULL PRIMARY KEY)[0m
  ↳ /Users/robmatthews/.rvm/rubies/ruby-2.5.1/lib/ruby/gems/2.5.0/gems/rake-12.3.1/lib/rake/task.rb:271
  [1m[35m (3.3ms)[0m  [1m[35mCREATE TABLE "ar_internal_metadata" ("key" varchar NOT NULL PRIMARY KEY, "value" varchar, "created_at" datetime NOT NULL, "updated_at" datetime NOT NULL)[0m
  ↳ /Users/robmatthews/.rvm/rubies/ruby-2.5.1/lib/ruby/gems/2.5.0/gems/rake-12.3.1/lib/rake/task.rb:271
  [1m[35m (0.6ms)[0m  [1m[34mSELECT "schema_migrations"."version" FROM "schema_migrations" ORDER BY "schema_migrations"."version" ASC[0m
  ↳ /Users/robmatthews/.rvm/rubies/ruby-2.5.1/lib/ruby/gems/2.5.0/gems/rake-12.3.1/lib/rake/task.rb:271
Migrating to CreateUsers (20180817154026)
  [1m[35m (0.4ms)[0m  [1m[36mbegin transaction[0m
  ↳ /Users/robmatthews/.rvm/rubies/ruby-2.5.1/lib/ruby/gems/2.5.0/gems/rake-12.3.1/lib/rake/task.rb:271
  [1m[35m (2.2ms)[0m  [1m[35mCREATE TABLE "users" ("id" integer PRIMARY KEY AUTOINCREMENT NOT NULL, "first_name" varchar, "last_name" varchar, "created_at" datetime NOT NULL, "updated_at" datetime NOT NULL)[0m
  ↳ db/migrate/20180817154026_create_users.rb:3
  [1m[36mActiveRecord::SchemaMigration Create (0.8ms)[0m  [1m[32mINSERT INTO "schema_migrations" ("version") VALUES (?)[0m  [["version", "20180817154026"]]
  ↳ /Users/robmatthews/.rvm/rubies/ruby-2.5.1/lib/ruby/gems/2.5.0/gems/rake-12.3.1/lib/rake/task.rb:271
  [1m[35m (3.4ms)[0m  [1m[36mcommit transaction[0m
  ↳ /Users/robmatthews/.rvm/rubies/ruby-2.5.1/lib/ruby/gems/2.5.0/gems/rake-12.3.1/lib/rake/task.rb:271
  [1m[36mActiveRecord::InternalMetadata Load (0.5ms)[0m  [1m[34mSELECT  "ar_internal_metadata".* FROM "ar_internal_metadata" WHERE "ar_internal_metadata"."key" = ? LIMIT ?[0m  [["key", "environment"], ["LIMIT", 1]]
  ↳ /Users/robmatthews/.rvm/rubies/ruby-2.5.1/lib/ruby/gems/2.5.0/gems/rake-12.3.1/lib/rake/task.rb:271
  [1m[35m (0.2ms)[0m  [1m[36mbegin transaction[0m
  ↳ /Users/robmatthews/.rvm/rubies/ruby-2.5.1/lib/ruby/gems/2.5.0/gems/rake-12.3.1/lib/rake/task.rb:271
  [1m[36mActiveRecord::InternalMetadata Create (2.5ms)[0m  [1m[32mINSERT INTO "ar_internal_metadata" ("key", "value", "created_at", "updated_at") VALUES (?, ?, ?, ?)[0m  [["key", "environment"], ["value", "development"], ["created_at", "2018-08-17 17:42:08.231156"], ["updated_at", "2018-08-17 17:42:08.231156"]]
  ↳ /Users/robmatthews/.rvm/rubies/ruby-2.5.1/lib/ruby/gems/2.5.0/gems/rake-12.3.1/lib/rake/task.rb:271
  [1m[35m (8.8ms)[0m  [1m[36mcommit transaction[0m
  ↳ /Users/robmatthews/.rvm/rubies/ruby-2.5.1/lib/ruby/gems/2.5.0/gems/rake-12.3.1/lib/rake/task.rb:271
  [1m[35m (0.3ms)[0m  [1m[34mSELECT "schema_migrations"."version" FROM "schema_migrations" ORDER BY "schema_migrations"."version" ASC[0m
  ↳ /Users/robmatthews/.rvm/rubies/ruby-2.5.1/lib/ruby/gems/2.5.0/gems/rake-12.3.1/lib/rake/task.rb:271
  [1m[35m (1.7ms)[0m  [1m[34mSELECT "schema_migrations"."version" FROM "schema_migrations" ORDER BY "schema_migrations"."version" ASC[0m
  ↳ /Users/robmatthews/.rvm/rubies/ruby-2.5.1/lib/ruby/gems/2.5.0/gems/rake-12.3.1/lib/rake/task.rb:271
Migrating to AddEmailColumnToUsers (20180817174520)
  [1m[35m (0.2ms)[0m  [1m[36mbegin transaction[0m
  ↳ /Users/robmatthews/.rvm/rubies/ruby-2.5.1/lib/ruby/gems/2.5.0/gems/rake-12.3.1/lib/rake/task.rb:271
  [1m[35m (3.8ms)[0m  [1m[35mALTER TABLE "users" ADD "email" varchar[0m
  ↳ db/migrate/20180817174520_add_email_column_to_users.rb:3
  [1m[36mActiveRecord::SchemaMigration Create (1.8ms)[0m  [1m[32mINSERT INTO "schema_migrations" ("version") VALUES (?)[0m  [["version", "20180817174520"]]
  ↳ /Users/robmatthews/.rvm/rubies/ruby-2.5.1/lib/ruby/gems/2.5.0/gems/rake-12.3.1/lib/rake/task.rb:271
  [1m[35m (2.7ms)[0m  [1m[36mcommit transaction[0m
  ↳ /Users/robmatthews/.rvm/rubies/ruby-2.5.1/lib/ruby/gems/2.5.0/gems/rake-12.3.1/lib/rake/task.rb:271
  [1m[36mActiveRecord::InternalMetadata Load (1.5ms)[0m  [1m[34mSELECT  "ar_internal_metadata".* FROM "ar_internal_metadata" WHERE "ar_internal_metadata"."key" = ? LIMIT ?[0m  [["key", "environment"], ["LIMIT", 1]]
  ↳ /Users/robmatthews/.rvm/rubies/ruby-2.5.1/lib/ruby/gems/2.5.0/gems/rake-12.3.1/lib/rake/task.rb:271
  [1m[35m (0.1ms)[0m  [1m[36mbegin transaction[0m
  ↳ /Users/robmatthews/.rvm/rubies/ruby-2.5.1/lib/ruby/gems/2.5.0/gems/rake-12.3.1/lib/rake/task.rb:271
  [1m[35m (0.3ms)[0m  [1m[36mcommit transaction[0m
  ↳ /Users/robmatthews/.rvm/rubies/ruby-2.5.1/lib/ruby/gems/2.5.0/gems/rake-12.3.1/lib/rake/task.rb:271
  [1m[35m (0.3ms)[0m  [1m[34mSELECT "schema_migrations"."version" FROM "schema_migrations" ORDER BY "schema_migrations"."version" ASC[0m
  ↳ /Users/robmatthews/.rvm/rubies/ruby-2.5.1/lib/ruby/gems/2.5.0/gems/rake-12.3.1/lib/rake/task.rb:271
  [1m[35m (1.4ms)[0m  [1m[34mSELECT "schema_migrations"."version" FROM "schema_migrations" ORDER BY "schema_migrations"."version" ASC[0m
  ↳ /Users/robmatthews/.rvm/rubies/ruby-2.5.1/lib/ruby/gems/2.5.0/gems/rake-12.3.1/lib/rake/task.rb:271
  [1m[35m (1.2ms)[0m  [1m[34mSELECT "schema_migrations"."version" FROM "schema_migrations" ORDER BY "schema_migrations"."version" ASC[0m
  ↳ /Users/robmatthews/.rvm/rubies/ruby-2.5.1/lib/ruby/gems/2.5.0/gems/rake-12.3.1/lib/rake/task.rb:271
Migrating to AddAgeColumnToUsers (20180817174956)
  [1m[35m (0.2ms)[0m  [1m[36mbegin transaction[0m
  ↳ /Users/robmatthews/.rvm/rubies/ruby-2.5.1/lib/ruby/gems/2.5.0/gems/rake-12.3.1/lib/rake/task.rb:271
  [1m[35m (4.5ms)[0m  [1m[35mALTER TABLE "users" ADD "age" integer[0m
  ↳ db/migrate/20180817174956_add_age_column_to_users.rb:3
  [1m[36mActiveRecord::SchemaMigration Create (1.1ms)[0m  [1m[32mINSERT INTO "schema_migrations" ("version") VALUES (?)[0m  [["version", "20180817174956"]]
  ↳ /Users/robmatthews/.rvm/rubies/ruby-2.5.1/lib/ruby/gems/2.5.0/gems/rake-12.3.1/lib/rake/task.rb:271
  [1m[35m (2.3ms)[0m  [1m[36mcommit transaction[0m
  ↳ /Users/robmatthews/.rvm/rubies/ruby-2.5.1/lib/ruby/gems/2.5.0/gems/rake-12.3.1/lib/rake/task.rb:271
  [1m[36mActiveRecord::InternalMetadata Load (5.0ms)[0m  [1m[34mSELECT  "ar_internal_metadata".* FROM "ar_internal_metadata" WHERE "ar_internal_metadata"."key" = ? LIMIT ?[0m  [["key", "environment"], ["LIMIT", 1]]
  ↳ /Users/robmatthews/.rvm/rubies/ruby-2.5.1/lib/ruby/gems/2.5.0/gems/rake-12.3.1/lib/rake/task.rb:271
  [1m[35m (0.2ms)[0m  [1m[36mbegin transaction[0m
  ↳ /Users/robmatthews/.rvm/rubies/ruby-2.5.1/lib/ruby/gems/2.5.0/gems/rake-12.3.1/lib/rake/task.rb:271
  [1m[35m (0.2ms)[0m  [1m[36mcommit transaction[0m
  ↳ /Users/robmatthews/.rvm/rubies/ruby-2.5.1/lib/ruby/gems/2.5.0/gems/rake-12.3.1/lib/rake/task.rb:271
  [1m[35m (0.5ms)[0m  [1m[34mSELECT "schema_migrations"."version" FROM "schema_migrations" ORDER BY "schema_migrations"."version" ASC[0m
  ↳ /Users/robmatthews/.rvm/rubies/ruby-2.5.1/lib/ruby/gems/2.5.0/gems/rake-12.3.1/lib/rake/task.rb:271
  [1m[35m (0.8ms)[0m  [1m[34mSELECT "schema_migrations"."version" FROM "schema_migrations" ORDER BY "schema_migrations"."version" ASC[0m
  ↳ /Users/robmatthews/.rvm/rubies/ruby-2.5.1/lib/ruby/gems/2.5.0/gems/rake-12.3.1/lib/rake/task.rb:271
  [1m[35m (1.6ms)[0m  [1m[34mSELECT "schema_migrations"."version" FROM "schema_migrations" ORDER BY "schema_migrations"."version" ASC[0m
  ↳ /Users/robmatthews/.rvm/rubies/ruby-2.5.1/lib/ruby/gems/2.5.0/gems/rake-12.3.1/lib/rake/task.rb:271
  [1m[35m (0.5ms)[0m  [1m[34mSELECT "schema_migrations"."version" FROM "schema_migrations" ORDER BY "schema_migrations"."version" ASC[0m
  ↳ /Users/robmatthews/.rvm/rubies/ruby-2.5.1/lib/ruby/gems/2.5.0/gems/rake-12.3.1/lib/rake/task.rb:271
  [1m[35m (1.0ms)[0m  [1m[34mSELECT "schema_migrations"."version" FROM "schema_migrations" ORDER BY "schema_migrations"."version" ASC[0m
  ↳ /Users/robmatthews/.rvm/rubies/ruby-2.5.1/lib/ruby/gems/2.5.0/gems/rake-12.3.1/lib/rake/task.rb:271
  [1m[35m (0.3ms)[0m  [1m[34mSELECT "schema_migrations"."version" FROM "schema_migrations" ORDER BY "schema_migrations"."version" ASC[0m
  ↳ /Users/robmatthews/.rvm/rubies/ruby-2.5.1/lib/ruby/gems/2.5.0/gems/rake-12.3.1/lib/rake/task.rb:271
Migrating to AddAgeColumnToUsers (20180817174956)
  [1m[35m (0.2ms)[0m  [1m[36mbegin transaction[0m
  ↳ /Users/robmatthews/.rvm/rubies/ruby-2.5.1/lib/ruby/gems/2.5.0/gems/rake-12.3.1/lib/rake/task.rb:271
  [1m[35m (0.8ms)[0m  [1m[34mSELECT sqlite_version(*)[0m
  ↳ /Users/robmatthews/.rvm/rubies/ruby-2.5.1/lib/ruby/gems/2.5.0/gems/rake-12.3.1/lib/rake/task.rb:271
  [1m[35m (1.3ms)[0m  [1m[35mCREATE TEMPORARY TABLE "ausers" ("id" integer NOT NULL PRIMARY KEY, "first_name" varchar DEFAULT NULL, "last_name" varchar DEFAULT NULL, "created_at" datetime NOT NULL, "updated_at" datetime NOT NULL, "email" varchar DEFAULT NULL, "age" integer DEFAULT NULL)[0m
  ↳ /Users/robmatthews/.rvm/rubies/ruby-2.5.1/lib/ruby/gems/2.5.0/gems/rake-12.3.1/lib/rake/task.rb:271
  [1m[35m (0.8ms)[0m  [1m[32mINSERT INTO "ausers" ("id","first_name","last_name","created_at","updated_at","email","age")
                     SELECT "id","first_name","last_name","created_at","updated_at","email","age" FROM "users"[0m
  ↳ /Users/robmatthews/.rvm/rubies/ruby-2.5.1/lib/ruby/gems/2.5.0/gems/rake-12.3.1/lib/rake/task.rb:271
  [1m[35m (3.4ms)[0m  [1m[35mDROP TABLE "users"[0m
  ↳ /Users/robmatthews/.rvm/rubies/ruby-2.5.1/lib/ruby/gems/2.5.0/gems/rake-12.3.1/lib/rake/task.rb:271
  [1m[35m (0.5ms)[0m  [1m[35mCREATE TABLE "users" ("id" integer NOT NULL PRIMARY KEY, "first_name" varchar DEFAULT NULL, "last_name" varchar DEFAULT NULL, "created_at" datetime NOT NULL, "updated_at" datetime NOT NULL, "email" varchar DEFAULT NULL)[0m
  ↳ /Users/robmatthews/.rvm/rubies/ruby-2.5.1/lib/ruby/gems/2.5.0/gems/rake-12.3.1/lib/rake/task.rb:271
  [1m[35m (0.2ms)[0m  [1m[32mINSERT INTO "users" ("id","first_name","last_name","created_at","updated_at","email")
                     SELECT "id","first_name","last_name","created_at","updated_at","email" FROM "ausers"[0m
  ↳ /Users/robmatthews/.rvm/rubies/ruby-2.5.1/lib/ruby/gems/2.5.0/gems/rake-12.3.1/lib/rake/task.rb:271
  [1m[35m (3.3ms)[0m  [1m[35mDROP TABLE "ausers"[0m
  ↳ /Users/robmatthews/.rvm/rubies/ruby-2.5.1/lib/ruby/gems/2.5.0/gems/rake-12.3.1/lib/rake/task.rb:271
  [1m[36mActiveRecord::SchemaMigration Destroy (60.9ms)[0m  [1m[31mDELETE FROM "schema_migrations" WHERE "schema_migrations"."version" = ?[0m  [["version", "20180817174956"]]
  ↳ /Users/robmatthews/.rvm/rubies/ruby-2.5.1/lib/ruby/gems/2.5.0/gems/rake-12.3.1/lib/rake/task.rb:271
  [1m[35m (3.2ms)[0m  [1m[36mcommit transaction[0m
  ↳ /Users/robmatthews/.rvm/rubies/ruby-2.5.1/lib/ruby/gems/2.5.0/gems/rake-12.3.1/lib/rake/task.rb:271
  [1m[35m (0.3ms)[0m  [1m[34mSELECT "schema_migrations"."version" FROM "schema_migrations" ORDER BY "schema_migrations"."version" ASC[0m
  ↳ /Users/robmatthews/.rvm/rubies/ruby-2.5.1/lib/ruby/gems/2.5.0/gems/rake-12.3.1/lib/rake/task.rb:271
  [1m[35m (1.0ms)[0m  [1m[34mSELECT "schema_migrations"."version" FROM "schema_migrations" ORDER BY "schema_migrations"."version" ASC[0m
  ↳ /Users/robmatthews/.rvm/rubies/ruby-2.5.1/lib/ruby/gems/2.5.0/gems/rake-12.3.1/lib/rake/task.rb:271
Migrating to AddAgeColumnToUsers (20180817174956)
  [1m[35m (0.2ms)[0m  [1m[36mbegin transaction[0m
  ↳ /Users/robmatthews/.rvm/rubies/ruby-2.5.1/lib/ruby/gems/2.5.0/gems/rake-12.3.1/lib/rake/task.rb:271
  [1m[35m (3.8ms)[0m  [1m[35mALTER TABLE "users" ADD "age" integer[0m
  ↳ db/migrate/20180817174956_add_age_column_to_users.rb:3
  [1m[36mActiveRecord::SchemaMigration Create (33.4ms)[0m  [1m[32mINSERT INTO "schema_migrations" ("version") VALUES (?)[0m  [["version", "20180817174956"]]
  ↳ /Users/robmatthews/.rvm/rubies/ruby-2.5.1/lib/ruby/gems/2.5.0/gems/rake-12.3.1/lib/rake/task.rb:271
  [1m[35m (2.7ms)[0m  [1m[36mcommit transaction[0m
  ↳ /Users/robmatthews/.rvm/rubies/ruby-2.5.1/lib/ruby/gems/2.5.0/gems/rake-12.3.1/lib/rake/task.rb:271
  [1m[36mActiveRecord::InternalMetadata Load (1.5ms)[0m  [1m[34mSELECT  "ar_internal_metadata".* FROM "ar_internal_metadata" WHERE "ar_internal_metadata"."key" = ? LIMIT ?[0m  [["key", "environment"], ["LIMIT", 1]]
  ↳ /Users/robmatthews/.rvm/rubies/ruby-2.5.1/lib/ruby/gems/2.5.0/gems/rake-12.3.1/lib/rake/task.rb:271
  [1m[35m (0.4ms)[0m  [1m[36mbegin transaction[0m
  ↳ /Users/robmatthews/.rvm/rubies/ruby-2.5.1/lib/ruby/gems/2.5.0/gems/rake-12.3.1/lib/rake/task.rb:271
  [1m[35m (0.2ms)[0m  [1m[36mcommit transaction[0m
  ↳ /Users/robmatthews/.rvm/rubies/ruby-2.5.1/lib/ruby/gems/2.5.0/gems/rake-12.3.1/lib/rake/task.rb:271
  [1m[35m (1.2ms)[0m  [1m[34mSELECT "schema_migrations"."version" FROM "schema_migrations" ORDER BY "schema_migrations"."version" ASC[0m
  ↳ /Users/robmatthews/.rvm/rubies/ruby-2.5.1/lib/ruby/gems/2.5.0/gems/rake-12.3.1/lib/rake/task.rb:271
  [1m[35m (0.9ms)[0m  [1m[34mSELECT "schema_migrations"."version" FROM "schema_migrations" ORDER BY "schema_migrations"."version" ASC[0m
  ↳ /Users/robmatthews/.rvm/rubies/ruby-2.5.1/lib/ruby/gems/2.5.0/gems/rake-12.3.1/lib/rake/task.rb:271
Migrating to CreateMessages (20180817180423)
  [1m[35m (0.2ms)[0m  [1m[36mbegin transaction[0m
  ↳ /Users/robmatthews/.rvm/rubies/ruby-2.5.1/lib/ruby/gems/2.5.0/gems/rake-12.3.1/lib/rake/task.rb:271
  [1m[35m (0.3ms)[0m  [1m[34mSELECT sqlite_version(*)[0m
  ↳ db/migrate/20180817180423_create_messages.rb:3
  [1m[35m (2.9ms)[0m  [1m[35mCREATE TABLE "messages" ("id" integer PRIMARY KEY AUTOINCREMENT NOT NULL, "content" text, "user_id" integer, "created_at" datetime NOT NULL, "updated_at" datetime NOT NULL, CONSTRAINT "fk_rails_273a25a7a6"
FOREIGN KEY ("user_id")
  REFERENCES "users" ("id")
)[0m
  ↳ db/migrate/20180817180423_create_messages.rb:3
  [1m[35m (0.6ms)[0m  [1m[35mCREATE  INDEX "index_messages_on_user_id" ON "messages" ("user_id")[0m
  ↳ db/migrate/20180817180423_create_messages.rb:3
  [1m[36mActiveRecord::SchemaMigration Create (2.1ms)[0m  [1m[32mINSERT INTO "schema_migrations" ("version") VALUES (?)[0m  [["version", "20180817180423"]]
  ↳ /Users/robmatthews/.rvm/rubies/ruby-2.5.1/lib/ruby/gems/2.5.0/gems/rake-12.3.1/lib/rake/task.rb:271
  [1m[35m (99.9ms)[0m  [1m[36mcommit transaction[0m
  ↳ /Users/robmatthews/.rvm/rubies/ruby-2.5.1/lib/ruby/gems/2.5.0/gems/rake-12.3.1/lib/rake/task.rb:271
  [1m[36mActiveRecord::InternalMetadata Load (2.5ms)[0m  [1m[34mSELECT  "ar_internal_metadata".* FROM "ar_internal_metadata" WHERE "ar_internal_metadata"."key" = ? LIMIT ?[0m  [["key", "environment"], ["LIMIT", 1]]
  ↳ /Users/robmatthews/.rvm/rubies/ruby-2.5.1/lib/ruby/gems/2.5.0/gems/rake-12.3.1/lib/rake/task.rb:271
  [1m[35m (0.2ms)[0m  [1m[36mbegin transaction[0m
  ↳ /Users/robmatthews/.rvm/rubies/ruby-2.5.1/lib/ruby/gems/2.5.0/gems/rake-12.3.1/lib/rake/task.rb:271
  [1m[35m (0.1ms)[0m  [1m[36mcommit transaction[0m
  ↳ /Users/robmatthews/.rvm/rubies/ruby-2.5.1/lib/ruby/gems/2.5.0/gems/rake-12.3.1/lib/rake/task.rb:271
  [1m[35m (0.3ms)[0m  [1m[34mSELECT "schema_migrations"."version" FROM "schema_migrations" ORDER BY "schema_migrations"."version" ASC[0m
  ↳ /Users/robmatthews/.rvm/rubies/ruby-2.5.1/lib/ruby/gems/2.5.0/gems/rake-12.3.1/lib/rake/task.rb:271
