  [1m[35m (0.2ms)[0m  [1m[34mSELECT sqlite_version(*)[0m
  ↳ /Users/robmatthews/.rvm/rubies/ruby-2.5.1/lib/ruby/gems/2.5.0/gems/rake-12.3.1/lib/rake/task.rb:271
  [1m[35m (1.7ms)[0m  [1m[35mCREATE TABLE "schema_migrations" ("version" varchar NOT NULL PRIMARY KEY)[0m
  ↳ /Users/robmatthews/.rvm/rubies/ruby-2.5.1/lib/ruby/gems/2.5.0/gems/rake-12.3.1/lib/rake/task.rb:271
  [1m[35m (1.4ms)[0m  [1m[35mCREATE TABLE "ar_internal_metadata" ("key" varchar NOT NULL PRIMARY KEY, "value" varchar, "created_at" datetime NOT NULL, "updated_at" datetime NOT NULL)[0m
  ↳ /Users/robmatthews/.rvm/rubies/ruby-2.5.1/lib/ruby/gems/2.5.0/gems/rake-12.3.1/lib/rake/task.rb:271
  [1m[35m (0.6ms)[0m  [1m[34mSELECT "schema_migrations"."version" FROM "schema_migrations" ORDER BY "schema_migrations"."version" ASC[0m
  ↳ /Users/robmatthews/.rvm/rubies/ruby-2.5.1/lib/ruby/gems/2.5.0/gems/rake-12.3.1/lib/rake/task.rb:271
Migrating to CreateUsers (20180821140708)
  [1m[35m (0.1ms)[0m  [1m[36mbegin transaction[0m
  ↳ /Users/robmatthews/.rvm/rubies/ruby-2.5.1/lib/ruby/gems/2.5.0/gems/rake-12.3.1/lib/rake/task.rb:271
  [1m[35m (1.3ms)[0m  [1m[35mCREATE TABLE "users" ("id" integer PRIMARY KEY AUTOINCREMENT NOT NULL, "first_name" varchar, "last_name" varchar, "email_address" varchar, "age" integer, "created_at" datetime NOT NULL, "updated_at" datetime NOT NULL)[0m
  ↳ db/migrate/20180821140708_create_users.rb:3
  [1m[36mActiveRecord::SchemaMigration Create (0.5ms)[0m  [1m[32mINSERT INTO "schema_migrations" ("version") VALUES (?)[0m  [["version", "20180821140708"]]
  ↳ /Users/robmatthews/.rvm/rubies/ruby-2.5.1/lib/ruby/gems/2.5.0/gems/rake-12.3.1/lib/rake/task.rb:271
  [1m[35m (1.4ms)[0m  [1m[36mcommit transaction[0m
  ↳ /Users/robmatthews/.rvm/rubies/ruby-2.5.1/lib/ruby/gems/2.5.0/gems/rake-12.3.1/lib/rake/task.rb:271
  [1m[36mActiveRecord::InternalMetadata Load (0.3ms)[0m  [1m[34mSELECT  "ar_internal_metadata".* FROM "ar_internal_metadata" WHERE "ar_internal_metadata"."key" = ? LIMIT ?[0m  [["key", "environment"], ["LIMIT", 1]]
  ↳ /Users/robmatthews/.rvm/rubies/ruby-2.5.1/lib/ruby/gems/2.5.0/gems/rake-12.3.1/lib/rake/task.rb:271
  [1m[35m (0.3ms)[0m  [1m[36mbegin transaction[0m
  ↳ /Users/robmatthews/.rvm/rubies/ruby-2.5.1/lib/ruby/gems/2.5.0/gems/rake-12.3.1/lib/rake/task.rb:271
  [1m[36mActiveRecord::InternalMetadata Create (1.7ms)[0m  [1m[32mINSERT INTO "ar_internal_metadata" ("key", "value", "created_at", "updated_at") VALUES (?, ?, ?, ?)[0m  [["key", "environment"], ["value", "development"], ["created_at", "2018-08-21 14:09:38.186717"], ["updated_at", "2018-08-21 14:09:38.186717"]]
  ↳ /Users/robmatthews/.rvm/rubies/ruby-2.5.1/lib/ruby/gems/2.5.0/gems/rake-12.3.1/lib/rake/task.rb:271
  [1m[35m (2.0ms)[0m  [1m[36mcommit transaction[0m
  ↳ /Users/robmatthews/.rvm/rubies/ruby-2.5.1/lib/ruby/gems/2.5.0/gems/rake-12.3.1/lib/rake/task.rb:271
  [1m[35m (0.2ms)[0m  [1m[34mSELECT "schema_migrations"."version" FROM "schema_migrations" ORDER BY "schema_migrations"."version" ASC[0m
  ↳ /Users/robmatthews/.rvm/rubies/ruby-2.5.1/lib/ruby/gems/2.5.0/gems/rake-12.3.1/lib/rake/task.rb:271
  [1m[35m (0.1ms)[0m  [1m[36mbegin transaction[0m
  [1m[36mUser Create (1.0ms)[0m  [1m[32mINSERT INTO "users" ("first_name", "last_name", "email_address", "age", "created_at", "updated_at") VALUES (?, ?, ?, ?, ?, ?)[0m  [["first_name", "Rob"], ["last_name", "Matthews"], ["email_address", "him@robmatthe.ws"], ["age", 32], ["created_at", "2018-08-21 14:09:47.340236"], ["updated_at", "2018-08-21 14:09:47.340236"]]
  [1m[35m (5.2ms)[0m  [1m[36mcommit transaction[0m
  [1m[36mUser Load (1.4ms)[0m  [1m[34mSELECT "users".* FROM "users"[0m
  [1m[35m (0.2ms)[0m  [1m[36mbegin transaction[0m
  [1m[36mUser Create (4.9ms)[0m  [1m[32mINSERT INTO "users" ("first_name", "last_name", "email_address", "age", "created_at", "updated_at") VALUES (?, ?, ?, ?, ?, ?)[0m  [["first_name", "Alex"], ["last_name", "Murphy"], ["email_address", "alex@murphyslaw.com"], ["age", 32], ["created_at", "2018-08-21 14:12:25.759393"], ["updated_at", "2018-08-21 14:12:25.759393"]]
  [1m[35m (1.0ms)[0m  [1m[36mcommit transaction[0m
  [1m[35m (0.1ms)[0m  [1m[36mbegin transaction[0m
  [1m[36mUser Create (0.8ms)[0m  [1m[32mINSERT INTO "users" ("first_name", "last_name", "email_address", "age", "created_at", "updated_at") VALUES (?, ?, ?, ?, ?, ?)[0m  [["first_name", "Mike"], ["last_name", "Sullivan"], ["email_address", "mike@sully.com"], ["age", 28], ["created_at", "2018-08-21 14:12:57.311394"], ["updated_at", "2018-08-21 14:12:57.311394"]]
  [1m[35m (5.0ms)[0m  [1m[36mcommit transaction[0m
  [1m[35m (0.1ms)[0m  [1m[36mbegin transaction[0m
  [1m[36mUser Create (0.9ms)[0m  [1m[32mINSERT INTO "users" ("first_name", "last_name", "email_address", "age", "created_at", "updated_at") VALUES (?, ?, ?, ?, ?, ?)[0m  [["first_name", "John"], ["last_name", "Matthews"], ["email_address", "diesel@robmatthe.ws"], ["age", 25], ["created_at", "2018-08-21 14:13:25.479576"], ["updated_at", "2018-08-21 14:13:25.479576"]]
  [1m[35m (4.9ms)[0m  [1m[36mcommit transaction[0m
  [1m[36mUser Load (0.3ms)[0m  [1m[34mSELECT "users".* FROM "users"[0m
  [1m[35m (0.1ms)[0m  [1m[36mbegin transaction[0m
  [1m[35m (0.1ms)[0m  [1m[31mrollback transaction[0m
  [1m[36mUser Load (0.4ms)[0m  [1m[34mSELECT "users".* FROM "users"[0m
  [1m[35m (0.1ms)[0m  [1m[36mbegin transaction[0m
  [1m[35m (0.2ms)[0m  [1m[31mrollback transaction[0m
  [1m[35m (0.1ms)[0m  [1m[36mbegin transaction[0m
  [1m[35m (0.1ms)[0m  [1m[31mrollback transaction[0m
  [1m[35m (0.1ms)[0m  [1m[36mbegin transaction[0m
  [1m[36mUser Create (1.2ms)[0m  [1m[32mINSERT INTO "users" ("first_name", "last_name", "email_address", "age", "created_at", "updated_at") VALUES (?, ?, ?, ?, ?, ?)[0m  [["first_name", "Jason"], ["last_name", "Matthews"], ["email_address", "jason@robmatthe.ws"], ["age", 80], ["created_at", "2018-08-21 14:23:50.067695"], ["updated_at", "2018-08-21 14:23:50.067695"]]
  [1m[35m (1.7ms)[0m  [1m[36mcommit transaction[0m
  [1m[35m (0.1ms)[0m  [1m[36mbegin transaction[0m
  [1m[35m (0.1ms)[0m  [1m[31mrollback transaction[0m
  [1m[36mUser Load (0.5ms)[0m  [1m[34mSELECT  "users".* FROM "users" ORDER BY "users"."id" ASC LIMIT ?[0m  [["LIMIT", 1]]
  [1m[36mUser Load (0.4ms)[0m  [1m[34mSELECT  "users".* FROM "users" ORDER BY "users"."id" DESC LIMIT ?[0m  [["LIMIT", 1]]
  [1m[36mUser Load (0.4ms)[0m  [1m[34mSELECT  "users".* FROM "users" WHERE "users"."id" IS NULL LIMIT ?[0m  [["LIMIT", 1]]
  [1m[36mUser Load (0.4ms)[0m  [1m[34mSELECT  "users".* FROM "users" WHERE "users"."id" = ? LIMIT ?[0m  [["id", 2], ["LIMIT", 1]]
  [1m[36mUser Load (0.2ms)[0m  [1m[34mSELECT  "users".* FROM "users" WHERE "users"."id" = ? LIMIT ?[0m  [["id", 4], ["LIMIT", 1]]
  [1m[36mUser Load (0.2ms)[0m  [1m[34mSELECT  "users".* FROM "users" WHERE "users"."id" = ? LIMIT ?[0m  [["id", 8], ["LIMIT", 1]]
  [1m[36mUser Load (0.2ms)[0m  [1m[34mSELECT  "users".* FROM "users" WHERE "users"."id" = ? LIMIT ?[0m  [["id", 1], ["LIMIT", 1]]
  [1m[36mUser Load (0.2ms)[0m  [1m[34mSELECT  "users".* FROM "users" WHERE "users"."id" = ? LIMIT ?[0m  [["id", 4], ["LIMIT", 1]]
  [1m[35m (0.1ms)[0m  [1m[36mbegin transaction[0m
  [1m[36mUser Destroy (0.7ms)[0m  [1m[31mDELETE FROM "users" WHERE "users"."id" = ?[0m  [["id", 4]]
  [1m[35m (1.3ms)[0m  [1m[36mcommit transaction[0m
  [1m[36mUser Load (0.4ms)[0m  [1m[34mSELECT "users".* FROM "users"[0m
